<?xml version="1.0" encoding="UTF-8"?>
<coverage generated="1713134785452" clover="3.2.0">
  <project timestamp="1713134785453" name="All files">
    <metrics statements="30" coveredstatements="28" conditionals="6" coveredconditionals="4" methods="16" coveredmethods="14" elements="52" coveredelements="46" complexity="0" loc="30" ncloc="30" packages="1" files="3" classes="3"/>
    <file name="DeleteDialog.tsx" path="/Users/maverick/Downloads/convo-test/src/container/DeleteDialog.tsx">
      <metrics statements="3" coveredstatements="3" conditionals="0" coveredconditionals="0" methods="1" coveredmethods="1"/>
      <line num="1" count="1" type="stmt"/>
      <line num="5" count="1" type="stmt"/>
      <line num="11" count="3" type="stmt"/>
    </file>
    <file name="Table.tsx" path="/Users/maverick/Downloads/convo-test/src/container/Table.tsx">
      <metrics statements="23" coveredstatements="21" conditionals="4" coveredconditionals="3" methods="14" coveredmethods="12"/>
      <line num="1" count="1" type="stmt"/>
      <line num="2" count="1" type="stmt"/>
      <line num="3" count="1" type="stmt"/>
      <line num="4" count="1" type="stmt"/>
      <line num="7" count="1" type="stmt"/>
      <line num="12" count="1" type="stmt"/>
      <line num="13" count="6" type="stmt"/>
      <line num="14" count="6" type="stmt"/>
      <line num="16" count="6" type="stmt"/>
      <line num="17" count="6" type="cond" truecount="2" falsecount="0"/>
      <line num="21" count="6" type="stmt"/>
      <line num="36" count="56" type="stmt"/>
      <line num="38" count="35" type="stmt"/>
      <line num="46" count="13" type="stmt"/>
      <line num="47" count="1" type="stmt"/>
      <line num="50" count="1" type="stmt"/>
      <line num="53" count="1" type="stmt"/>
      <line num="61" count="6" type="stmt"/>
      <line num="67" count="1" type="stmt"/>
      <line num="72" count="0" type="stmt"/>
      <line num="75" count="0" type="stmt"/>
      <line num="87" count="24" type="stmt"/>
      <line num="88" count="79" type="stmt"/>
    </file>
    <file name="ViewDialog.tsx" path="/Users/maverick/Downloads/convo-test/src/container/ViewDialog.tsx">
      <metrics statements="4" coveredstatements="4" conditionals="2" coveredconditionals="1" methods="1" coveredmethods="1"/>
      <line num="1" count="1" type="stmt"/>
      <line num="2" count="1" type="stmt"/>
      <line num="6" count="1" type="stmt"/>
      <line num="7" count="2" type="stmt"/>
    </file>
  </project>
</coverage>
