{"/Users/maverick/Downloads/convo-test/src/container/DeleteDialog.tsx": {"path":"/Users/maverick/Downloads/convo-test/src/container/DeleteDialog.tsx","statementMap":{"0":{"start":{"line":1,"column":0},"end":{"line":1,"column":102}},"1":{"start":{"line":5,"column":107},"end":{"line":23,"column":1}},"2":{"start":{"line":11,"column":2},"end":{"line":22,"column":null}},"3":{"start":{"line":5,"column":13},"end":{"line":5,"column":107}}},"fnMap":{"0":{"name":"(anonymous_0)","decl":{"start":{"line":5,"column":107},"end":{"line":5,"column":108}},"loc":{"start":{"line":10,"column":5},"end":{"line":23,"column":1}}}},"branchMap":{},"s":{"0":1,"1":1,"2":3,"3":1},"f":{"0":3},"b":{}}
,"/Users/maverick/Downloads/convo-test/src/container/Table.tsx": {"path":"/Users/maverick/Downloads/convo-test/src/container/Table.tsx","statementMap":{"0":{"start":{"line":1,"column":0},"end":{"line":1,"column":56}},"1":{"start":{"line":2,"column":0},"end":{"line":2,"column":71}},"2":{"start":{"line":3,"column":0},"end":{"line":3,"column":34}},"3":{"start":{"line":4,"column":0},"end":{"line":4,"column":46}},"4":{"start":{"line":12,"column":5},"end":{"line":96,"column":1}},"5":{"start":{"line":13,"column":30},"end":{"line":13,"column":42}},"6":{"start":{"line":14,"column":14},"end":{"line":14,"column":29}},"7":{"start":{"line":16,"column":24},"end":{"line":18,"column":null}},"8":{"start":{"line":17,"column":11},"end":{"line":17,"column":103}},"9":{"start":{"line":17,"column":41},"end":{"line":17,"column":95}},"10":{"start":{"line":21,"column":38},"end":{"line":59,"column":4}},"11":{"start":{"line":36,"column":31},"end":{"line":36,"column":49}},"12":{"start":{"line":38,"column":33},"end":{"line":38,"column":60}},"13":{"start":{"line":46,"column":8},"end":{"line":55,"column":null}},"14":{"start":{"line":47,"column":33},"end":{"line":47,"column":44}},"15":{"start":{"line":50,"column":33},"end":{"line":50,"column":44}},"16":{"start":{"line":53,"column":33},"end":{"line":53,"column":46}},"17":{"start":{"line":61,"column":2},"end":{"line":95,"column":4}},"18":{"start":{"line":67,"column":47},"end":{"line":67,"column":63}},"19":{"start":{"line":72,"column":51},"end":{"line":72,"column":92}},"20":{"start":{"line":75,"column":51},"end":{"line":75,"column":89}},"21":{"start":{"line":87,"column":30},"end":{"line":87,"column":36}},"22":{"start":{"line":88,"column":29},"end":{"line":88,"column":35}},"23":{"start":{"line":7,"column":13},"end":{"line":7,"column":null}}},"fnMap":{"0":{"name":"(anonymous_0)","decl":{"start":{"line":12,"column":5},"end":{"line":12,"column":6}},"loc":{"start":{"line":12,"column":44},"end":{"line":96,"column":1}}},"1":{"name":"(anonymous_1)","decl":{"start":{"line":17,"column":4},"end":{"line":17,"column":7}},"loc":{"start":{"line":17,"column":11},"end":{"line":17,"column":103}}},"2":{"name":"(anonymous_2)","decl":{"start":{"line":17,"column":32},"end":{"line":17,"column":33}},"loc":{"start":{"line":17,"column":41},"end":{"line":17,"column":95}}},"3":{"name":"(anonymous_3)","decl":{"start":{"line":36,"column":19},"end":{"line":36,"column":20}},"loc":{"start":{"line":36,"column":31},"end":{"line":36,"column":49}}},"4":{"name":"(anonymous_4)","decl":{"start":{"line":38,"column":18},"end":{"line":38,"column":19}},"loc":{"start":{"line":38,"column":33},"end":{"line":38,"column":60}}},"5":{"name":"(anonymous_5)","decl":{"start":{"line":45,"column":18},"end":{"line":45,"column":19}},"loc":{"start":{"line":46,"column":8},"end":{"line":55,"column":null}}},"6":{"name":"(anonymous_6)","decl":{"start":{"line":47,"column":27},"end":{"line":47,"column":30}},"loc":{"start":{"line":47,"column":33},"end":{"line":47,"column":44}}},"7":{"name":"(anonymous_7)","decl":{"start":{"line":50,"column":27},"end":{"line":50,"column":30}},"loc":{"start":{"line":50,"column":33},"end":{"line":50,"column":44}}},"8":{"name":"(anonymous_8)","decl":{"start":{"line":53,"column":27},"end":{"line":53,"column":30}},"loc":{"start":{"line":53,"column":33},"end":{"line":53,"column":46}}},"9":{"name":"(anonymous_9)","decl":{"start":{"line":67,"column":20},"end":{"line":67,"column":21}},"loc":{"start":{"line":67,"column":47},"end":{"line":67,"column":63}}},"10":{"name":"(anonymous_10)","decl":{"start":{"line":72,"column":45},"end":{"line":72,"column":48}},"loc":{"start":{"line":72,"column":51},"end":{"line":72,"column":92}}},"11":{"name":"(anonymous_11)","decl":{"start":{"line":75,"column":45},"end":{"line":75,"column":48}},"loc":{"start":{"line":75,"column":51},"end":{"line":75,"column":89}}},"12":{"name":"(anonymous_12)","decl":{"start":{"line":87,"column":24},"end":{"line":87,"column":27}},"loc":{"start":{"line":87,"column":30},"end":{"line":87,"column":36}}},"13":{"name":"(anonymous_13)","decl":{"start":{"line":88,"column":20},"end":{"line":88,"column":21}},"loc":{"start":{"line":88,"column":29},"end":{"line":88,"column":35}}}},"branchMap":{"0":{"loc":{"start":{"line":17,"column":11},"end":{"line":17,"column":103}},"type":"cond-expr","locations":[{"start":{"line":17,"column":20},"end":{"line":17,"column":96}},{"start":{"line":17,"column":99},"end":{"line":17,"column":103}}]},"1":{"loc":{"start":{"line":84,"column":16},"end":{"line":84,"column":35}},"type":"binary-expr","locations":[{"start":{"line":84,"column":16},"end":{"line":84,"column":29}},{"start":{"line":84,"column":33},"end":{"line":84,"column":35}}]}},"s":{"0":1,"1":1,"2":1,"3":1,"4":1,"5":6,"6":6,"7":6,"8":6,"9":2,"10":6,"11":56,"12":35,"13":13,"14":1,"15":1,"16":1,"17":6,"18":1,"19":0,"20":0,"21":24,"22":79,"23":1},"f":{"0":6,"1":6,"2":2,"3":56,"4":35,"5":13,"6":1,"7":1,"8":1,"9":1,"10":0,"11":0,"12":24,"13":79},"b":{"0":[1,5],"1":[6,0]}}
,"/Users/maverick/Downloads/convo-test/src/container/ViewDialog.tsx": {"path":"/Users/maverick/Downloads/convo-test/src/container/ViewDialog.tsx","statementMap":{"0":{"start":{"line":1,"column":0},"end":{"line":1,"column":102}},"1":{"start":{"line":2,"column":0},"end":{"line":2,"column":33}},"2":{"start":{"line":6,"column":82},"end":{"line":29,"column":1}},"3":{"start":{"line":7,"column":2},"end":{"line":28,"column":null}},"4":{"start":{"line":6,"column":13},"end":{"line":6,"column":82}}},"fnMap":{"0":{"name":"(anonymous_0)","decl":{"start":{"line":6,"column":82},"end":{"line":6,"column":83}},"loc":{"start":{"line":6,"column":113},"end":{"line":29,"column":1}}}},"branchMap":{"0":{"loc":{"start":{"line":20,"column":17},"end":{"line":20,"column":78}},"type":"cond-expr","locations":[{"start":{"line":20,"column":30},"end":{"line":20,"column":72}},{"start":{"line":20,"column":75},"end":{"line":20,"column":78}}]}},"s":{"0":1,"1":1,"2":1,"3":2,"4":1},"f":{"0":2},"b":{"0":[2,0]}}
}
