TN:
SF:src/container/DeleteDialog.tsx
FN:5,(anonymous_0)
FNF:1
FNH:1
FNDA:3,(anonymous_0)
DA:1,1
DA:5,1
DA:11,3
LF:3
LH:3
BRF:0
BRH:0
end_of_record
TN:
SF:src/container/Table.tsx
FN:12,(anonymous_0)
FN:17,(anonymous_1)
FN:17,(anonymous_2)
FN:36,(anonymous_3)
FN:38,(anonymous_4)
FN:45,(anonymous_5)
FN:47,(anonymous_6)
FN:50,(anonymous_7)
FN:53,(anonymous_8)
FN:67,(anonymous_9)
FN:72,(anonymous_10)
FN:75,(anonymous_11)
FN:87,(anonymous_12)
FN:88,(anonymous_13)
FNF:14
FNH:12
FNDA:6,(anonymous_0)
FNDA:6,(anonymous_1)
FNDA:2,(anonymous_2)
FNDA:56,(anonymous_3)
FNDA:35,(anonymous_4)
FNDA:13,(anonymous_5)
FNDA:1,(anonymous_6)
FNDA:1,(anonymous_7)
FNDA:1,(anonymous_8)
FNDA:1,(anonymous_9)
FNDA:0,(anonymous_10)
FNDA:0,(anonymous_11)
FNDA:24,(anonymous_12)
FNDA:79,(anonymous_13)
DA:1,1
DA:2,1
DA:3,1
DA:4,1
DA:7,1
DA:12,1
DA:13,6
DA:14,6
DA:16,6
DA:17,6
DA:21,6
DA:36,56
DA:38,35
DA:46,13
DA:47,1
DA:50,1
DA:53,1
DA:61,6
DA:67,1
DA:72,0
DA:75,0
DA:87,24
DA:88,79
LF:23
LH:21
BRDA:17,0,0,1
BRDA:17,0,1,5
BRDA:84,1,0,6
BRDA:84,1,1,0
BRF:4
BRH:3
end_of_record
TN:
SF:src/container/ViewDialog.tsx
FN:6,(anonymous_0)
FNF:1
FNH:1
FNDA:2,(anonymous_0)
DA:1,1
DA:2,1
DA:6,1
DA:7,2
LF:4
LH:4
BRDA:20,0,0,2
BRDA:20,0,1,0
BRF:2
BRH:1
end_of_record
